0 verbose cli /usr/local/nvm/versions/node/v24.12.0/bin/node /usr/local/nvm/versions/node/v24.12.0/bin/npm
1 info using npm@11.7.0
2 info using node@v24.12.0
3 silly config load:file:/usr/local/nvm/versions/node/v24.12.0/lib/node_modules/npm/npmrc
4 silly config load:file:/home/kabeerahmead6/mixcom-coin/.npmrc
5 silly config load:file:/home/kabeerahmead6/.npmrc
6 silly config load:file:/usr/local/nvm/versions/node/v24.12.0/etc/npmrc
7 verbose title npm install cors express
8 verbose argv "install" "cors" "express"
9 verbose logfile logs-max:10 dir:/home/kabeerahmead6/.npm/_logs/2026-01-18T09_48_49_585Z-
10 verbose logfile /home/kabeerahmead6/.npm/_logs/2026-01-18T09_48_49_585Z-debug-0.log
11 silly logfile done cleaning log files
12 silly packumentCache heap:2348810240 maxSize:587202560 maxEntrySize:293601280
13 silly idealTree buildDeps
14 silly fetch manifest express@^5.2.1
15 silly packumentCache full:https://registry.npmjs.org/express cache-miss
16 http fetch GET 200 https://registry.npmjs.org/express 156ms (cache revalidated)
17 silly packumentCache full:https://registry.npmjs.org/express set size:801203 disposed:false
18 silly fetch manifest cors@*
19 silly packumentCache full:https://registry.npmjs.org/cors cache-miss
20 http fetch GET 200 https://registry.npmjs.org/cors 44ms (cache miss)
21 silly packumentCache full:https://registry.npmjs.org/cors set size:undefined disposed:false
22 silly placeDep ROOT cors@2.8.5 OK for: mixcom-coin@1.0.0 want: *
23 silly placeDep ROOT express@5.2.1 REPLACE for: mixcom-coin@1.0.0 want: ^5.2.1
24 silly fetch manifest object-assign@^4
25 silly packumentCache full:https://registry.npmjs.org/object-assign cache-miss
26 http fetch GET 200 https://registry.npmjs.org/object-assign 33ms (cache miss)
27 silly packumentCache full:https://registry.npmjs.org/object-assign set size:undefined disposed:false
28 silly placeDep ROOT object-assign@4.1.1 OK for: cors@2.8.5 want: ^4
29 silly reify moves {}
30 silly audit bulk request {
30 silly audit   accepts: [ '2.0.0' ],
30 silly audit   'body-parser': [ '2.2.2' ],
30 silly audit   bytes: [ '3.1.2' ],
30 silly audit   'call-bind-apply-helpers': [ '1.0.2' ],
30 silly audit   'call-bound': [ '1.0.4' ],
30 silly audit   'content-disposition': [ '1.0.1' ],
30 silly audit   'content-type': [ '1.0.5' ],
30 silly audit   cookie: [ '0.7.2' ],
30 silly audit   'cookie-signature': [ '1.2.2' ],
30 silly audit   'crypto-js': [ '4.2.0' ],
30 silly audit   debug: [ '4.4.3' ],
30 silly audit   depd: [ '2.0.0' ],
30 silly audit   'dunder-proto': [ '1.0.1' ],
30 silly audit   'ee-first': [ '1.1.1' ],
30 silly audit   encodeurl: [ '2.0.0' ],
30 silly audit   'es-define-property': [ '1.0.1' ],
30 silly audit   'es-errors': [ '1.3.0' ],
30 silly audit   'es-object-atoms': [ '1.1.1' ],
30 silly audit   'escape-html': [ '1.0.3' ],
30 silly audit   etag: [ '1.8.1' ],
30 silly audit   finalhandler: [ '2.1.1' ],
30 silly audit   forwarded: [ '0.2.0' ],
30 silly audit   fresh: [ '2.0.0' ],
30 silly audit   'function-bind': [ '1.1.2' ],
30 silly audit   'get-intrinsic': [ '1.3.0' ],
30 silly audit   'get-proto': [ '1.0.1' ],
30 silly audit   gopd: [ '1.2.0' ],
30 silly audit   'has-symbols': [ '1.1.0' ],
30 silly audit   hasown: [ '2.0.2' ],
30 silly audit   'http-errors': [ '2.0.1' ],
30 silly audit   'iconv-lite': [ '0.7.2' ],
30 silly audit   inherits: [ '2.0.4' ],
30 silly audit   'ipaddr.js': [ '1.9.1' ],
30 silly audit   'is-promise': [ '4.0.0' ],
30 silly audit   'math-intrinsics': [ '1.1.0' ],
30 silly audit   'media-typer': [ '1.1.0' ],
30 silly audit   'merge-descriptors': [ '2.0.0' ],
30 silly audit   'mime-db': [ '1.54.0' ],
30 silly audit   'mime-types': [ '3.0.2' ],
30 silly audit   ms: [ '2.1.3' ],
30 silly audit   negotiator: [ '1.0.0' ],
30 silly audit   'object-inspect': [ '1.13.4' ],
30 silly audit   'on-finished': [ '2.4.1' ],
30 silly audit   once: [ '1.4.0' ],
30 silly audit   parseurl: [ '1.3.3' ],
30 silly audit   'path-to-regexp': [ '8.3.0' ],
30 silly audit   'proxy-addr': [ '2.0.7' ],
30 silly audit   qs: [ '6.14.1' ],
30 silly audit   'range-parser': [ '1.2.1' ],
30 silly audit   'raw-body': [ '3.0.2' ],
30 silly audit   router: [ '2.2.0' ],
30 silly audit   'safer-buffer': [ '2.1.2' ],
30 silly audit   send: [ '1.2.1' ],
30 silly audit   'serve-static': [ '2.2.1' ],
30 silly audit   setprototypeof: [ '1.2.0' ],
30 silly audit   'side-channel': [ '1.1.0' ],
30 silly audit   'side-channel-list': [ '1.0.0' ],
30 silly audit   'side-channel-map': [ '1.0.1' ],
30 silly audit   'side-channel-weakmap': [ '1.0.2' ],
30 silly audit   statuses: [ '2.0.2' ],
30 silly audit   toidentifier: [ '1.0.1' ],
30 silly audit   'type-is': [ '2.0.1' ],
30 silly audit   unpipe: [ '1.0.0' ],
30 silly audit   vary: [ '1.1.2' ],
30 silly audit   wrappy: [ '1.0.2' ],
30 silly audit   cors: [ '2.8.5' ],
30 silly audit   express: [ '5.2.1' ],
30 silly audit   'object-assign': [ '4.1.1' ]
30 silly audit }
31 http cache object-assign@https://registry.npmjs.org/object-assign/-/object-assign-4.1.1.tgz 0ms (cache hit)
32 http cache cors@https://registry.npmjs.org/cors/-/cors-2.8.5.tgz 0ms (cache hit)
33 silly tarball no local data for object-assign@https://registry.npmjs.org/object-assign/-/object-assign-4.1.1.tgz. Extracting by manifest.
34 silly tarball no local data for cors@https://registry.npmjs.org/cors/-/cors-2.8.5.tgz. Extracting by manifest.
35 http fetch GET 200 https://registry.npmjs.org/object-assign/-/object-assign-4.1.1.tgz 77ms (cache miss)
36 http fetch GET 200 https://registry.npmjs.org/cors/-/cors-2.8.5.tgz 77ms (cache miss)
37 http fetch POST 200 https://registry.npmjs.org/-/npm/v1/security/advisories/bulk 203ms
38 silly audit report {}
39 silly ADD node_modules/object-assign
40 silly ADD node_modules/cors
41 verbose cwd /home/kabeerahmead6/mixcom-coin
42 verbose os Linux 6.6.111+
43 verbose node v24.12.0
44 verbose npm  v11.7.0
45 verbose exit 0
46 info ok
