0 verbose cli /usr/local/nvm/versions/node/v24.12.0/bin/node /usr/local/nvm/versions/node/v24.12.0/bin/npm
1 info using npm@11.7.0
2 info using node@v24.12.0
3 silly config load:file:/usr/local/nvm/versions/node/v24.12.0/lib/node_modules/npm/npmrc
4 silly config load:file:/home/kabeerahmead6/.npmrc
5 silly config load:file:/usr/local/nvm/versions/node/v24.12.0/etc/npmrc
6 verbose title npm start
7 verbose argv "start"
8 verbose logfile logs-max:10 dir:/home/kabeerahmead6/.npm/_logs/2026-01-18T07_39_52_217Z-
9 verbose logfile /home/kabeerahmead6/.npm/_logs/2026-01-18T07_39_52_217Z-debug-0.log
10 silly logfile done cleaning log files
11 verbose stack Error: Could not read package.json: Error: ENOENT: no such file or directory, open '/home/kabeerahmead6/package.json'
11 verbose stack     at async open (node:internal/fs/promises:642:25)
11 verbose stack     at async readFile (node:internal/fs/promises:1279:14)
11 verbose stack     at async read (/usr/local/nvm/versions/node/v24.12.0/lib/node_modules/npm/node_modules/@npmcli/package-json/lib/read-package.js:9:18)
11 verbose stack     at async PackageJson.load (/usr/local/nvm/versions/node/v24.12.0/lib/node_modules/npm/node_modules/@npmcli/package-json/lib/index.js:131:31)
11 verbose stack     at async PackageJson.normalize (/usr/local/nvm/versions/node/v24.12.0/lib/node_modules/npm/node_modules/@npmcli/package-json/lib/index.js:117:5)
11 verbose stack     at async #run (/usr/local/nvm/versions/node/v24.12.0/lib/node_modules/npm/lib/commands/run.js:90:13)
11 verbose stack     at async RunScript.exec (/usr/local/nvm/versions/node/v24.12.0/lib/node_modules/npm/lib/commands/run.js:44:7)
11 verbose stack     at async Npm.exec (/usr/local/nvm/versions/node/v24.12.0/lib/node_modules/npm/lib/npm.js:208:9)
11 verbose stack     at async module.exports (/usr/local/nvm/versions/node/v24.12.0/lib/node_modules/npm/lib/cli/entry.js:67:5)
12 error code ENOENT
13 error syscall open
14 error path /home/kabeerahmead6/package.json
15 error errno -2
16 error enoent Could not read package.json: Error: ENOENT: no such file or directory, open '/home/kabeerahmead6/package.json'
17 error enoent This is related to npm not being able to find a file.
17 error enoent
18 verbose cwd /home/kabeerahmead6
19 verbose os Linux 6.6.111+
20 verbose node v24.12.0
21 verbose npm  v11.7.0
22 verbose exit -2
23 verbose code -2
24 error A complete log of this run can be found in: /home/kabeerahmead6/.npm/_logs/2026-01-18T07_39_52_217Z-debug-0.log
